<?xml version="1.0" encoding="UTF-8"?>
<testng-results ignored="0" total="3" passed="3" failed="0" skipped="0">
  <reporter-output>
  </reporter-output>
  <suite started-at="2024-01-22T09:37:20 IST" name="Suite" finished-at="2024-01-22T09:37:33 IST" duration-ms="12484">
    <groups>
    </groups>
    <test started-at="2024-01-22T09:37:20 IST" name="Test" finished-at="2024-01-22T09:37:33 IST" duration-ms="12484">
      <class name="remoteTesting.dockerValidation.chromeStandaloneTest">
        <test-method signature="loginToApplication()[pri:0, instance:remoteTesting.dockerValidation.chromeStandaloneTest@2e385cce]" started-at="2024-01-22T09:37:21 IST" name="loginToApplication" finished-at="2024-01-22T09:37:31 IST" duration-ms="10081" status="PASS">
          <reporter-output>
          </reporter-output>
        </test-method> <!-- loginToApplication -->
      </class> <!-- remoteTesting.dockerValidation.chromeStandaloneTest -->
      <class name="remoteTesting.dockerValidation.chromeStandaloneTest_blazedemo">
        <test-method is-config="true" signature="setupEnvironment()[pri:0, instance:remoteTesting.dockerValidation.chromeStandaloneTest_blazedemo@3c77d488]" started-at="2024-01-22T09:36:25 IST" name="setupEnvironment" finished-at="2024-01-22T09:37:20 IST" duration-ms="55231" status="PASS">
          <reporter-output>
          </reporter-output>
        </test-method> <!-- setupEnvironment -->
        <test-method signature="loginToApplication()[pri:0, instance:remoteTesting.dockerValidation.chromeStandaloneTest_blazedemo@3c77d488]" started-at="2024-01-22T09:37:21 IST" name="loginToApplication" finished-at="2024-01-22T09:37:31 IST" duration-ms="10506" status="PASS">
          <reporter-output>
          </reporter-output>
        </test-method> <!-- loginToApplication -->
        <test-method is-config="true" signature="teardownEnvironment()[pri:0, instance:remoteTesting.dockerValidation.chromeStandaloneTest_blazedemo@3c77d488]" started-at="2024-01-22T09:37:33 IST" name="teardownEnvironment" finished-at="2024-01-22T09:37:48 IST" duration-ms="15123" status="PASS">
          <reporter-output>
          </reporter-output>
        </test-method> <!-- teardownEnvironment -->
      </class> <!-- remoteTesting.dockerValidation.chromeStandaloneTest_blazedemo -->
      <class name="remoteTesting.dockerValidation.chromeStandaloneTest_herokuapp">
        <test-method signature="loginToApplication()[pri:0, instance:remoteTesting.dockerValidation.chromeStandaloneTest_herokuapp@2ddc9a9f]" started-at="2024-01-22T09:37:21 IST" name="loginToApplication" finished-at="2024-01-22T09:37:33 IST" duration-ms="12419" status="PASS">
          <reporter-output>
          </reporter-output>
        </test-method> <!-- loginToApplication -->
      </class> <!-- remoteTesting.dockerValidation.chromeStandaloneTest_herokuapp -->
    </test> <!-- Test -->
  </suite> <!-- Suite -->
</testng-results>
