<?xml version="1.0" encoding="UTF-8"?>
<!-- Generated by org.testng.reporters.JUnitXMLReporter -->
<testsuite ignored="4" hostname="LAPTOP-HGJU6DES" failures="0" tests="3" name="Test" time="12.484" errors="0" timestamp="2024-01-22T09:37:33 IST">
  <testcase classname="remoteTesting.dockerValidation.chromeStandaloneTest" name="loginToApplication" time="10.081"/>
  <testcase classname="remoteTesting.dockerValidation.chromeStandaloneTest_blazedemo" name="loginToApplication" time="10.506"/>
  <testcase classname="remoteTesting.dockerValidation.chromeStandaloneTest_herokuapp" name="loginToApplication" time="12.419"/>
  <testcase classname="remoteTesting.dockerValidation.baseTest" name="@BeforeSuite setupEnvironment" time="0.0">
    <ignored/>
  </testcase> <!-- @BeforeSuite setupEnvironment -->
  <testcase classname="remoteTesting.dockerValidation.baseTest" name="@AfterSuite teardownEnvironment" time="0.0">
    <ignored/>
  </testcase> <!-- @AfterSuite teardownEnvironment -->
  <testcase classname="remoteTesting.dockerValidation.baseTest" name="@BeforeSuite setupEnvironment" time="0.0">
    <ignored/>
  </testcase> <!-- @BeforeSuite setupEnvironment -->
  <testcase classname="remoteTesting.dockerValidation.baseTest" name="@AfterSuite teardownEnvironment" time="0.0">
    <ignored/>
  </testcase> <!-- @AfterSuite teardownEnvironment -->
</testsuite> <!-- Test -->
